<?xml version="1.0" encoding="UTF-8"?>
<testng-results ignored="0" total="4" passed="3" failed="1" skipped="0">
  <reporter-output>
  </reporter-output>
  <suite started-at="2024-08-16T09:02:28 EDT" name="Default suite" finished-at="2024-08-16T09:03:02 EDT" duration-ms="34680">
    <groups>
    </groups>
    <test started-at="2024-08-16T09:02:28 EDT" name="Default test" finished-at="2024-08-16T09:03:02 EDT" duration-ms="34680">
      <class name="com.TN.testCases.RegisterTest">
        <test-method is-config="true" signature="setup()[pri:0, instance:com.TN.testCases.RegisterTest@1a6d8329]" started-at="2024-08-16T09:02:28 EDT" name="setup" finished-at="2024-08-16T09:02:39 EDT" duration-ms="11509" status="PASS">
          <reporter-output>
          </reporter-output>
        </test-method> <!-- setup -->
        <test-method signature="RegisterWithValidDetails()[pri:1, instance:com.TN.testCases.RegisterTest@1a6d8329]" started-at="2024-08-16T09:02:39 EDT" name="RegisterWithValidDetails" finished-at="2024-08-16T09:02:40 EDT" duration-ms="1064" status="PASS">
          <reporter-output>
          </reporter-output>
        </test-method> <!-- RegisterWithValidDetails -->
        <test-method is-config="true" signature="tearDown()[pri:0, instance:com.TN.testCases.RegisterTest@1a6d8329]" started-at="2024-08-16T09:02:40 EDT" name="tearDown" finished-at="2024-08-16T09:02:40 EDT" duration-ms="80" status="PASS">
          <reporter-output>
          </reporter-output>
        </test-method> <!-- tearDown -->
        <test-method is-config="true" signature="setup()[pri:0, instance:com.TN.testCases.RegisterTest@1a6d8329]" started-at="2024-08-16T09:02:40 EDT" name="setup" finished-at="2024-08-16T09:02:45 EDT" duration-ms="4452" status="PASS">
          <reporter-output>
          </reporter-output>
        </test-method> <!-- setup -->
        <test-method signature="registerWithAllDetails()[pri:2, instance:com.TN.testCases.RegisterTest@1a6d8329]" started-at="2024-08-16T09:02:45 EDT" name="registerWithAllDetails" finished-at="2024-08-16T09:02:46 EDT" duration-ms="1179" status="PASS">
          <reporter-output>
          </reporter-output>
        </test-method> <!-- registerWithAllDetails -->
        <test-method is-config="true" signature="tearDown()[pri:0, instance:com.TN.testCases.RegisterTest@1a6d8329]" started-at="2024-08-16T09:02:46 EDT" name="tearDown" finished-at="2024-08-16T09:02:46 EDT" duration-ms="82" status="PASS">
          <reporter-output>
          </reporter-output>
        </test-method> <!-- tearDown -->
        <test-method is-config="true" signature="setup()[pri:0, instance:com.TN.testCases.RegisterTest@1a6d8329]" started-at="2024-08-16T09:02:46 EDT" name="setup" finished-at="2024-08-16T09:02:50 EDT" duration-ms="4307" status="PASS">
          <reporter-output>
          </reporter-output>
        </test-method> <!-- setup -->
        <test-method signature="registerWithExistingEmail()[pri:3, instance:com.TN.testCases.RegisterTest@1a6d8329]" started-at="2024-08-16T09:02:50 EDT" name="registerWithExistingEmail" finished-at="2024-08-16T09:02:51 EDT" duration-ms="701" status="PASS">
          <reporter-output>
          </reporter-output>
        </test-method> <!-- registerWithExistingEmail -->
        <test-method is-config="true" signature="tearDown()[pri:0, instance:com.TN.testCases.RegisterTest@1a6d8329]" started-at="2024-08-16T09:02:51 EDT" name="tearDown" finished-at="2024-08-16T09:02:51 EDT" duration-ms="80" status="PASS">
          <reporter-output>
          </reporter-output>
        </test-method> <!-- tearDown -->
        <test-method is-config="true" signature="setup()[pri:0, instance:com.TN.testCases.RegisterTest@1a6d8329]" started-at="2024-08-16T09:02:51 EDT" name="setup" finished-at="2024-08-16T09:03:02 EDT" duration-ms="10942" status="PASS">
          <reporter-output>
          </reporter-output>
        </test-method> <!-- setup -->
        <test-method signature="registerWithWrongPassword()[pri:4, instance:com.TN.testCases.RegisterTest@1a6d8329]" started-at="2024-08-16T09:03:02 EDT" name="registerWithWrongPassword" finished-at="2024-08-16T09:03:02 EDT" duration-ms="180" status="FAIL">
          <exception class="java.lang.IllegalArgumentException">
            <message>
              <![CDATA[Keys to send should be a not null CharSequence]]>
            </message>
            <full-stacktrace>
              <![CDATA[java.lang.IllegalArgumentException: Keys to send should be a not null CharSequence
at org.openqa.selenium.remote.RemoteWebElement.sendKeys(RemoteWebElement.java:96)
at jdk.internal.reflect.GeneratedMethodAccessor1.invoke(Unknown Source)
at java.base/jdk.internal.reflect.DelegatingMethodAccessorImpl.invoke(DelegatingMethodAccessorImpl.java:43)
at java.base/java.lang.reflect.Method.invoke(Method.java:568)
at org.openqa.selenium.support.pagefactory.internal.LocatingElementHandler.invoke(LocatingElementHandler.java:51)
at jdk.proxy2/jdk.proxy2.$Proxy12.sendKeys(Unknown Source)
at com.TN.pages.RegisterPage.enterConfirmPassword(RegisterPage.java:92)
at com.TN.testCases.RegisterTest.registerWithWrongPassword(RegisterTest.java:103)
at java.base/jdk.internal.reflect.NativeMethodAccessorImpl.invoke0(Native Method)
at java.base/jdk.internal.reflect.NativeMethodAccessorImpl.invoke(NativeMethodAccessorImpl.java:77)
at java.base/jdk.internal.reflect.DelegatingMethodAccessorImpl.invoke(DelegatingMethodAccessorImpl.java:43)
at java.base/java.lang.reflect.Method.invoke(Method.java:568)
at org.testng.internal.invokers.MethodInvocationHelper.invokeMethod(MethodInvocationHelper.java:139)
at org.testng.internal.invokers.TestInvoker.invokeMethod(TestInvoker.java:664)
at org.testng.internal.invokers.TestInvoker.invokeTestMethod(TestInvoker.java:228)
at org.testng.internal.invokers.MethodRunner.runInSequence(MethodRunner.java:63)
at org.testng.internal.invokers.TestInvoker$MethodInvocationAgent.invoke(TestInvoker.java:961)
at org.testng.internal.invokers.TestInvoker.invokeTestMethods(TestInvoker.java:201)
at org.testng.internal.invokers.TestMethodWorker.invokeTestMethods(TestMethodWorker.java:148)
at org.testng.internal.invokers.TestMethodWorker.run(TestMethodWorker.java:128)
at java.base/java.util.ArrayList.forEach(ArrayList.java:1511)
at org.testng.TestRunner.privateRun(TestRunner.java:819)
at org.testng.TestRunner.run(TestRunner.java:619)
at org.testng.SuiteRunner.runTest(SuiteRunner.java:443)
at org.testng.SuiteRunner.runSequentially(SuiteRunner.java:437)
at org.testng.SuiteRunner.privateRun(SuiteRunner.java:397)
at org.testng.SuiteRunner.run(SuiteRunner.java:336)
at org.testng.SuiteRunnerWorker.runSuite(SuiteRunnerWorker.java:52)
at org.testng.SuiteRunnerWorker.run(SuiteRunnerWorker.java:95)
at org.testng.TestNG.runSuitesSequentially(TestNG.java:1301)
at org.testng.TestNG.runSuitesLocally(TestNG.java:1228)
at org.testng.TestNG.runSuites(TestNG.java:1134)
at org.testng.TestNG.run(TestNG.java:1101)
at org.testng.remote.AbstractRemoteTestNG.run(AbstractRemoteTestNG.java:115)
at org.testng.remote.RemoteTestNG.initAndRun(RemoteTestNG.java:251)
at org.testng.remote.RemoteTestNG.main(RemoteTestNG.java:77)
]]>
            </full-stacktrace>
          </exception> <!-- java.lang.IllegalArgumentException -->
          <reporter-output>
          </reporter-output>
        </test-method> <!-- registerWithWrongPassword -->
        <test-method is-config="true" signature="tearDown()[pri:0, instance:com.TN.testCases.RegisterTest@1a6d8329]" started-at="2024-08-16T09:03:02 EDT" name="tearDown" finished-at="2024-08-16T09:03:02 EDT" duration-ms="81" status="PASS">
          <reporter-output>
          </reporter-output>
        </test-method> <!-- tearDown -->
      </class> <!-- com.TN.testCases.RegisterTest -->
    </test> <!-- Default test -->
  </suite> <!-- Default suite -->
</testng-results>
